<?xml version="1.0" encoding="UTF-8"?>
<!-- Generated by org.testng.reporters.JUnitXMLReporter -->
<testsuite ignored="0" hostname="DESKTOP-IE075LI" failures="0" tests="4" name="ChromeTest" time="20.054" errors="0" timestamp="2023-03-08T20:23:58 IST">
  <testcase classname="com.saucedemo.TESTPACK.Tc01VerifyLoginFunctionality" name="verifyLoginFunctionality" time="0.02"/>
  <testcase classname="com.saucedemo.TESTPACK.Tc02VerifyLogOutFunctionaltiy" name="verifyLogOutFunctionality" time="0.447"/>
  <testcase classname="com.saucedemo.TESTPACK.Tc03VerifyBagProdAddToCartFunctionality" name="verifyBagProductAddToCartFunctionality" time="0.144"/>
  <testcase classname="com.saucedemo.TESTPACK.Tc04VerifyAllProdAddToCartFunctionality" name="verifyAllProductProductAddToCartFunctionality" time="0.41"/>
</testsuite> <!-- ChromeTest -->
