<?xml version="1.0" encoding="UTF-8"?>
<!-- Generated by org.testng.reporters.JUnitXMLReporter -->
<testsuite ignored="0" hostname="DESKTOP-IE075LI" failures="0" tests="4" name="Test" time="41.483" errors="0" timestamp="2023-03-11T16:14:54 IST">
  <testcase classname="com.saucedemo.TESTPACK.Tc01VerifyLoginFunctionality" name="verifyLoginFunctionality" time="0.021"/>
  <testcase classname="com.saucedemo.TESTPACK.Tc02VerifyLogOutFunctionaltiy" name="verifyLogOutFunctionality" time="0.567"/>
  <testcase classname="com.saucedemo.TESTPACK.Tc03VerifyBagProdAddToCartFunctionality" name="verifyBagProductAddToCartFunctionality" time="0.285"/>
  <testcase classname="com.saucedemo.TESTPACK.Tc04VerifyAllProdAddToCartFunctionality" name="verifyAllProductProductAddToCartFunctionality" time="0.465"/>
</testsuite> <!-- Test -->
