<?xml version="1.0" encoding="UTF-8"?>
<!-- Generated by org.testng.reporters.JUnitXMLReporter -->
<testsuite ignored="0" hostname="DESKTOP-IE075LI" failures="0" tests="4" name="Test" time="15.071" errors="0" timestamp="2023-03-08T19:58:46 IST">
  <testcase classname="com.saucedemo.TESTPACK.Tc01VerifyLoginFunctionality" name="verifyLoginFunctionality" time="0.065"/>
  <testcase classname="com.saucedemo.TESTPACK.Tc03VerifyBagProdAddToCartFunctionality" name="verifyBagProductAddToCartFunctionality" time="0.474"/>
  <testcase classname="com.saucedemo.TESTPACK.Tc02VerifyLogOutFunctionaltiy" name="verifyLogOutFunctionality" time="0.955"/>
  <testcase classname="com.saucedemo.TESTPACK.Tc04VerifyAllProdAddToCartFunctionality" name="verifyAllProductProductAddToCartFunctionality" time="0.739"/>
</testsuite> <!-- Test -->
