<?xml version="1.0" encoding="UTF-8"?>
<!-- Generated by org.testng.reporters.JUnitXMLReporter -->
<testsuite ignored="0" hostname="DESKTOP-IE075LI" failures="0" tests="2" name="FireTest(failed)" time="28.191" errors="0" timestamp="2023-03-09T14:54:51 IST">
  <testcase classname="com.saucedemo.TESTPACK.Tc02VerifyLogOutFunctionaltiy" name="verifyLogOutFunctionality" time="0.978"/>
  <testcase classname="com.saucedemo.TESTPACK.Tc01VerifyLoginFunctionality" name="verifyLoginFunctionality" time="0.079"/>
</testsuite> <!-- FireTest(failed) -->
