<?xml version="1.0" encoding="UTF-8"?>
<!-- Generated by org.testng.reporters.JUnitXMLReporter -->
<testsuite ignored="0" hostname="DESKTOP-IE075LI" failures="0" tests="2" name="HighPTest" time="10.639" errors="0" timestamp="2023-03-08T19:56:27 IST">
  <testcase classname="com.saucedemo.TESTPACK.Tc01VerifyLoginFunctionality" name="verifyLoginFunctionality" time="0.015"/>
  <testcase classname="com.saucedemo.TESTPACK.Tc04VerifyAllProdAddToCartFunctionality" name="verifyAllProductProductAddToCartFunctionality" time="0.508"/>
</testsuite> <!-- HighPTest -->
