<?xml version="1.0" encoding="UTF-8"?>
<!-- Generated by org.testng.reporters.JUnitXMLReporter -->
<testsuite ignored="0" hostname="DESKTOP-IE075LI" failures="0" tests="2" name="chromeTest" time="10.701" errors="0" timestamp="2023-03-08T20:29:52 IST">
  <testcase classname="com.saucedemo.TESTPACK.Tc01VerifyLoginFunctionality" name="verifyLoginFunctionality" time="0.01"/>
  <testcase classname="com.saucedemo.TESTPACK.Tc02VerifyLogOutFunctionaltiy" name="verifyLogOutFunctionality" time="0.424"/>
</testsuite> <!-- chromeTest -->
